
SQL*Loader: Release 21.0.0.0.0 - Production on Wed Sep 10 11:46:04 2025
Version 21.3.0.0.0

Copyright (c) 1982, 2021, Oracle and/or its affiliates.  All rights reserved.

Control File:   dept1.ctl
Data File:      dept1.dat
  Bad File:     dept1.bad
  Discard File:  none specified
 
 (Allow all discards)

Number to load: ALL
Number to skip: 0
Errors allowed: 50
Bind array:     250 rows, maximum of 1048576 bytes
Continuation:    none specified
Path used:      Conventional

Table DEPT1, loaded from every logical record.
Insert option in effect for this table: INSERT

   Column Name                  Position   Len  Term Encl Datatype
------------------------------ ---------- ----- ---- ---- ---------------------
DEPT_ID                             FIRST     *   ,       CHARACTER            
DEPT_NAME                            NEXT     *   ,       CHARACTER            


Table DEPT1:
  4 Rows successfully loaded.
  0 Rows not loaded due to data errors.
  0 Rows not loaded because all WHEN clauses were failed.
  0 Rows not loaded because all fields were null.


Space allocated for bind array:                 129000 bytes(250 rows)
Read   buffer bytes: 1048576

Total logical records skipped:          0
Total logical records read:             4
Total logical records rejected:         0
Total logical records discarded:        0

Run began on Wed Sep 10 11:46:04 2025
Run ended on Wed Sep 10 11:46:06 2025

Elapsed time was:     00:00:02.46
CPU time was:         00:00:00.06
